<?xml version="1.0" encoding="UTF-8"?>
<testsuite name="tests.AddNewContactTests" tests="6" skipped="0" failures="0" errors="0" timestamp="2023-07-25T18:56:31" hostname="MIRI" time="13.7">
  <properties/>
  <testcase name="addNewContactNegativeWrongEmail" classname="tests.AddNewContactTests" time="3.133"/>
  <testcase name="addNewContactPositive" classname="tests.AddNewContactTests" time="2.166"/>
  <testcase name="addNewContactPositive" classname="tests.AddNewContactTests" time="2.17"/>
  <testcase name="addNewContactPositive" classname="tests.AddNewContactTests" time="2.084"/>
  <testcase name="addNewContactPositive" classname="tests.AddNewContactTests" time="2.045"/>
  <testcase name="addNewContactPositive" classname="tests.AddNewContactTests" time="2.015"/>
  <system-out><![CDATA[Email not valid: must be a well-formed email address
]]></system-out>
  <system-err><![CDATA[]]></system-err>
</testsuite>
