<?xml version="1.0" encoding="UTF-8"?>
<testsuite name="tests.RegistrationTests" tests="1" skipped="0" failures="0" errors="0" timestamp="2023-07-24T17:20:48" hostname="MIRI" time="2.326">
  <properties/>
  <testcase name="registrationPositive" classname="tests.RegistrationTests" time="2.326"/>
  <system-out><![CDATA[]]></system-out>
  <system-err><![CDATA[]]></system-err>
</testsuite>
