<?xml version="1.0" encoding="UTF-8"?>
<testsuite name="tests.LoginTests" tests="1" skipped="0" failures="0" errors="0" timestamp="2023-08-27T16:07:37" hostname="MIRI" time="2.473">
  <properties/>
  <testcase name="loginPositiveUserProps" classname="tests.LoginTests" time="2.473"/>
  <system-out><![CDATA[]]></system-out>
  <system-err><![CDATA[]]></system-err>
</testsuite>
